<?xml version="1.0" encoding="UTF-8"?>
<!-- Generated by org.testng.reporters.JUnitXMLReporter -->
<testsuite ignored="1" hostname="Srinivas" failures="0" tests="1" name="Default test(failed)" time="0.48" errors="0" timestamp="2024-01-26T22:10:50 IST">
  <testcase classname="TestNGsessions.TestNGAnnotations" name="validatemessage1Test2" time="0.076"/>
  <testcase classname="TestNGsessions.TestNGAnnotations" name="validatemessageTest1" time="0.0">
    <ignored/>
  </testcase> <!-- validatemessageTest1 -->
</testsuite> <!-- Default test(failed) -->
