<?xml version="1.0" encoding="UTF-8"?>
<!-- Generated by org.testng.reporters.JUnitXMLReporter -->
<testsuite ignored="0" hostname="Srinivas" failures="0" tests="5" name="Default test" time="2.662" errors="0" timestamp="2024-01-29T19:22:38 IST">
  <testcase classname="TestNGsessions.TestNGAnnotations2" name="validTest2" time="0.324"/>
  <testcase classname="TestNGsessions.TestNGAnnotations2" name="validTest2" time="0.227"/>
  <testcase classname="TestNGsessions.TestNGAnnotations2" name="validTest21" time="0.045"/>
  <testcase classname="TestNGsessions.TestNGAnnotations2" name="validTest31" time="0.039"/>
  <testcase classname="TestNGsessions.TestNGAnnotations2" name="validTest41" time="0.049"/>
</testsuite> <!-- Default test -->
