<?xml version="1.0" encoding="UTF-8"?>
<!-- Generated by org.testng.reporters.JUnitXMLReporter -->
<testsuite ignored="0" hostname="Srinivas" failures="0" tests="5" name="TNsesstestname2" time="1.389" errors="0" timestamp="2024-01-31T00:25:06 IST">
  <testcase classname="TestNGsessions.TestNGAnnotations2" name="validTest2" time="0.233"/>
  <testcase classname="TestNGsessions.TestNGAnnotations2" name="validTest2" time="0.108"/>
  <testcase classname="TestNGsessions.TestNGAnnotations2" name="validTest21" time="0.0">
    <skipped/>
  </testcase> <!-- validTest21 -->
  <testcase classname="TestNGsessions.TestNGAnnotations2" name="validTest31" time="0.0">
    <skipped/>
  </testcase> <!-- validTest31 -->
  <testcase classname="TestNGsessions.TestNGAnnotations2" name="validTest41" time="0.0">
    <skipped/>
  </testcase> <!-- validTest41 -->
</testsuite> <!-- TNsesstestname2 -->
