<?xml version="1.0" encoding="UTF-8"?>
<!-- Generated by org.testng.reporters.JUnitXMLReporter -->
<testsuite ignored="0" hostname="Srinivas" failures="0" tests="4" name="TNsesstestname" time="1.988" errors="0" timestamp="2024-01-28T22:30:26 IST">
  <testcase classname="TestNGsessions.TestNGAnnotations" name="validTest1" time="0.078"/>
  <testcase classname="TestNGsessions.TestNGAnnotations" name="validTest2" time="0.054"/>
  <testcase classname="TestNGsessions.TestNGAnnotations" name="validTest3" time="0.05"/>
  <testcase classname="TestNGsessions.TestNGAnnotations" name="validTest4" time="0.052"/>
</testsuite> <!-- TNsesstestname -->
